2025-09-13 15:21:01 - Scanning /home/cajunjon/Downloads for ISO files...
2025-09-13 15:21:02 - Copied ISO: linuxmint-22.2-cinnamon-64bit.iso → /home/cajunjon/vhd_spinner/isos/
2025-09-13 15:21:02 - Copied ISO: ubuntu-24.04.3-desktop-amd64.iso → /home/cajunjon/vhd_spinner/isos/
2025-09-13 15:21:02 - Copied ISO: ubuntu-24.04.3-live-server-amd64.iso → /home/cajunjon/vhd_spinner/isos/
2025-09-13 15:21:19 - Scanning /home/cajunjon/Downloads for ISO files...
2025-09-13 15:21:19 - ISO already exists: linuxmint-22.2-cinnamon-64bit.iso
2025-09-13 15:21:19 - ISO already exists: ubuntu-24.04.3-desktop-amd64.iso
2025-09-13 15:21:19 - ISO already exists: ubuntu-24.04.3-live-server-amd64.iso
2025-09-13 15:21:19 - No new ISO files found in Downloads.
2025-09-13 15:22:58 - Scanning /home/cajunjon/Downloads for ISO files...
2025-09-13 15:22:58 - ISO already exists: linuxmint-22.2-cinnamon-64bit.iso
2025-09-13 15:22:58 - ISO already exists: ubuntu-24.04.3-desktop-amd64.iso
2025-09-13 15:22:58 - ISO already exists: ubuntu-24.04.3-live-server-amd64.iso
2025-09-13 15:22:58 - No new ISO files found in Downloads.
2025-09-13 15:22:58 - ERROR: Profile 'inuxmint-22.2-cinnamon-64bit.iso' is not available or ISO is missing.
2025-09-13 15:23:02 - Scanning /home/cajunjon/Downloads for ISO files...
2025-09-13 15:23:02 - ISO already exists: linuxmint-22.2-cinnamon-64bit.iso
2025-09-13 15:23:02 - ISO already exists: ubuntu-24.04.3-desktop-amd64.iso
2025-09-13 15:23:02 - ISO already exists: ubuntu-24.04.3-live-server-amd64.iso
2025-09-13 15:23:02 - No new ISO files found in Downloads.
2025-09-13 15:23:03 - ERROR: Profile 'linuxmint-22.2-cinnamon-64bit.iso' is not available or ISO is missing.
2025-09-13 15:24:45 - Scanning /home/cajunjon/Downloads for ISO files...
2025-09-13 15:24:45 - ISO already exists: linuxmint-22.2-cinnamon-64bit.iso
2025-09-13 15:24:45 - ISO already exists: ubuntu-24.04.3-desktop-amd64.iso
2025-09-13 15:24:45 - ISO already exists: ubuntu-24.04.3-live-server-amd64.iso
2025-09-13 15:24:45 - No new ISO files found in Downloads.
2025-09-13 15:25:01 - Scanning /home/cajunjon/Downloads for ISO files...
2025-09-13 15:25:01 - ISO already exists: linuxmint-22.2-cinnamon-64bit.iso
2025-09-13 15:25:01 - ISO already exists: ubuntu-24.04.3-desktop-amd64.iso
2025-09-13 15:25:01 - ISO already exists: ubuntu-24.04.3-live-server-amd64.iso
2025-09-13 15:25:01 - No new ISO files found in Downloads.
2025-09-13 15:25:01 - Starting provisioning for VM: ubuntu-24.04.3-live-server-amd64
2025-09-13 15:25:01 - Dependency 'qemu-img' is already installed.
2025-09-13 15:25:01 - Dependency 'cloud-localds' is already installed.
2025-09-13 15:25:01 - Dependency 'virt-install' is already installed.
2025-09-13 15:25:01 - ERROR: Invalid ISO format: /home/cajunjon/vhd_spinner/isos/ubuntu-24.04.3-live-server-amd64.iso
2025-09-13 15:25:05 - Scanning /home/cajunjon/Downloads for ISO files...
2025-09-13 15:25:05 - ISO already exists: linuxmint-22.2-cinnamon-64bit.iso
2025-09-13 15:25:05 - ISO already exists: ubuntu-24.04.3-desktop-amd64.iso
2025-09-13 15:25:05 - ISO already exists: ubuntu-24.04.3-live-server-amd64.iso
2025-09-13 15:25:05 - No new ISO files found in Downloads.
2025-09-13 15:25:05 - ERROR: Profile 'ubuntu-24.04.3-live-server-amd64.iso' is not available or ISO is missing.
2025-09-13 15:29:22 - Installing missing dependency: libarchive-tools...
2025-09-13 15:29:30 - Dependency 'qemu-img' is already installed.
2025-09-13 15:29:30 - Dependency 'cloud-localds' is already installed.
2025-09-13 15:29:30 - Dependency 'virt-install' is already installed.
2025-09-13 15:29:30 - Scanning /home/cajunjon/Downloads for ISO files...
2025-09-13 15:29:32 - ISO 'linuxmint-22.2-cinnamon-64bit.iso' already verified with CRC32: 
2025-09-13 15:29:32 - ISO 'ubuntu-24.04.3-desktop-amd64.iso' already verified with CRC32: 
2025-09-13 15:29:34 - ISO 'ubuntu-24.04.3-live-server-amd64.iso' already verified with CRC32: 
2025-09-13 15:29:34 - No new ISO files found in Downloads.
2025-09-13 15:29:34 - ERROR: Profile 'ubuntu-24.04.3-live-server-amd64.iso' is not available or ISO is missing.
2025-09-13 15:29:59 - Installing missing dependency: libarchive-tools...
2025-09-13 15:30:02 - Dependency 'qemu-img' is already installed.
2025-09-13 15:30:02 - Dependency 'cloud-localds' is already installed.
2025-09-13 15:30:02 - Dependency 'virt-install' is already installed.
2025-09-13 15:30:02 - Scanning /home/cajunjon/Downloads for ISO files...
2025-09-13 15:30:04 - ISO 'linuxmint-22.2-cinnamon-64bit.iso' already verified with CRC32: 
2025-09-13 15:30:04 - ISO 'ubuntu-24.04.3-desktop-amd64.iso' already verified with CRC32: 
2025-09-13 15:30:06 - ISO 'ubuntu-24.04.3-live-server-amd64.iso' already verified with CRC32: 
2025-09-13 15:30:06 - No new ISO files found in Downloads.
2025-09-13 15:31:55 - Installing missing dependency: libarchive-tools...
2025-09-13 15:31:58 - Dependency 'qemu-img' is already installed.
2025-09-13 15:31:58 - Dependency 'cloud-localds' is already installed.
2025-09-13 15:31:58 - Dependency 'virt-install' is already installed.
2025-09-13 15:31:58 - Scanning /home/cajunjon/Downloads for ISO files...
2025-09-13 15:31:58 - No new ISO files found in Downloads.
2025-09-13 15:31:58 - ERROR: Profile 'ubuntu-24.04.3-live-server-amd64.iso' is not available or ISO is missing.
2025-09-13 15:32:03 - Installing missing dependency: libarchive-tools...
2025-09-13 15:32:06 - Dependency 'qemu-img' is already installed.
2025-09-13 15:32:06 - Dependency 'cloud-localds' is already installed.
2025-09-13 15:32:06 - Dependency 'virt-install' is already installed.
2025-09-13 15:32:06 - Scanning /home/cajunjon/Downloads for ISO files...
2025-09-13 15:32:06 - No new ISO files found in Downloads.
2025-09-13 15:32:06 - Creating VHD at /home/cajunjon/vhd_spinner/vms/ubuntu-24.04.3-live-server-amd64.vhd...
2025-09-13 15:32:06 - ERROR: VM creation failed
2025-09-13 15:34:24 - Installing missing dependency: libarchive-tools...
2025-09-13 15:34:27 - Dependency 'qemu-img' is already installed.
2025-09-13 15:34:27 - Dependency 'cloud-localds' is already installed.
2025-09-13 15:34:27 - Dependency 'virt-install' is already installed.
2025-09-13 15:34:27 - Scanning /home/cajunjon/Downloads for ISO files...
2025-09-13 15:34:27 - No new ISO files found in Downloads.
2025-09-13 15:34:27 - Creating VHD at /home/cajunjon/vhd_spinner/vms/ubuntu-24.04.3-live-server-amd64.vhd...
2025-09-13 15:34:29 - ERROR: VM creation failed
2025-09-13 15:38:17 - Installing missing dependency: libarchive-tools...
2025-09-13 15:38:20 - Dependency 'qemu-img' is already installed.
2025-09-13 15:38:20 - Dependency 'cloud-localds' is already installed.
2025-09-13 15:38:20 - Dependency 'virt-install' is already installed.
2025-09-13 15:38:20 - Dependency 'virsh' is already installed.
2025-09-13 15:38:20 - Scanning /home/cajunjon/Downloads for ISO files...
2025-09-13 15:38:20 - No new ISO files found in Downloads.
2025-09-13 15:38:20 - Starting provisioning for VM: ubuntu-24.04.3-live-server-amd64
2025-09-13 15:38:20 - ISO '/home/cajunjon/vhd_spinner/isos/ubuntu-24.04.3-live-server-amd64.iso' validated successfully.
2025-09-13 15:38:20 - Creating VHD at /home/cajunjon/vhd_spinner/vms/ubuntu-24.04.3-live-server-amd64.vhd...
2025-09-13 15:38:20 - ERROR: libvirtd is installed but not running. Try: sudo systemctl start libvirtd
2025-09-13 15:38:32 - Installing missing dependency: libarchive-tools...
2025-09-13 15:38:34 - Dependency 'qemu-img' is already installed.
2025-09-13 15:38:34 - Dependency 'cloud-localds' is already installed.
2025-09-13 15:38:34 - Dependency 'virt-install' is already installed.
2025-09-13 15:38:34 - Dependency 'virsh' is already installed.
2025-09-13 15:38:34 - Scanning /home/cajunjon/Downloads for ISO files...
2025-09-13 15:38:34 - No new ISO files found in Downloads.
2025-09-13 15:38:34 - Starting provisioning for VM: ubuntu-24.04.3-live-server-amd64
2025-09-13 15:38:34 - ISO '/home/cajunjon/vhd_spinner/isos/ubuntu-24.04.3-live-server-amd64.iso' validated successfully.
2025-09-13 15:38:34 - Creating VHD at /home/cajunjon/vhd_spinner/vms/ubuntu-24.04.3-live-server-amd64.vhd...
2025-09-13 15:38:34 - libvirtd is installed, running, and accessible.
2025-09-13 15:41:32 - Installing missing dependency: libarchive-tools...
2025-09-13 15:41:35 - Dependency 'qemu-img' is already installed.
2025-09-13 15:41:35 - Dependency 'cloud-localds' is already installed.
2025-09-13 15:41:35 - Dependency 'virt-install' is already installed.
2025-09-13 15:41:35 - Dependency 'virsh' is already installed.
2025-09-13 15:41:35 - Scanning /home/cajunjon/Downloads for ISO files...
2025-09-13 15:41:35 - No new ISO files found in Downloads.
2025-09-13 15:41:35 - Starting provisioning for VM: ubuntu-24.04.3-live-server-amd64
2025-09-13 15:41:35 - ISO '/home/cajunjon/vhd_spinner/isos/ubuntu-24.04.3-live-server-amd64.iso' validated successfully.
2025-09-13 15:41:35 - Creating VHD at /home/cajunjon/vhd_spinner/vms/ubuntu-24.04.3-live-server-amd64.vhd...
2025-09-13 15:41:35 - ERROR: libvirtd is installed but not running. Try: sudo systemctl start libvirtd
2025-09-13 15:41:51 - Installing missing dependency: libarchive-tools...
2025-09-13 15:41:56 - Dependency 'qemu-img' is already installed.
2025-09-13 15:41:56 - Dependency 'cloud-localds' is already installed.
2025-09-13 15:41:56 - Dependency 'virt-install' is already installed.
2025-09-13 15:41:56 - Dependency 'virsh' is already installed.
2025-09-13 15:41:56 - Scanning /home/cajunjon/Downloads for ISO files...
2025-09-13 15:41:56 - No new ISO files found in Downloads.
2025-09-13 15:41:56 - Starting provisioning for VM: ubuntu-24.04.3-live-server-amd64
2025-09-13 15:41:56 - ISO '/home/cajunjon/vhd_spinner/isos/ubuntu-24.04.3-live-server-amd64.iso' validated successfully.
2025-09-13 15:41:56 - Creating VHD at /home/cajunjon/vhd_spinner/vms/ubuntu-24.04.3-live-server-amd64.vhd...
2025-09-13 15:41:56 - libvirtd is installed, running, and accessible.
2025-09-13 15:54:04 - Installing missing dependency: libarchive-tools...
2025-09-13 15:54:09 - Dependency 'qemu-img' is already installed.
2025-09-13 15:54:09 - Dependency 'cloud-localds' is already installed.
2025-09-13 15:54:09 - Dependency 'virt-install' is already installed.
2025-09-13 15:54:09 - Dependency 'virsh' is already installed.
2025-09-13 15:54:09 - Scanning /home/cajunjon/Downloads for ISO files...
2025-09-13 15:54:09 - No new ISO files found in Downloads.
2025-09-13 15:54:09 - Starting provisioning for VM: ubuntu-24.04.3-live-server-amd64
2025-09-13 15:54:09 - ISO '/home/cajunjon/vhd_spinner/isos/ubuntu-24.04.3-live-server-amd64.iso' validated successfully.
2025-09-13 15:54:09 - Creating VHD at /home/cajunjon/vhd_spinner/vms/ubuntu-24.04.3-live-server-amd64.vhd...
2025-09-13 15:54:09 - ERROR: libvirtd is installed but not running. Try: sudo systemctl start libvirtd
2025-09-13 15:54:19 - Installing missing dependency: libarchive-tools...
2025-09-13 15:54:22 - Dependency 'qemu-img' is already installed.
2025-09-13 15:54:22 - Dependency 'cloud-localds' is already installed.
2025-09-13 15:54:22 - Dependency 'virt-install' is already installed.
2025-09-13 15:54:22 - Dependency 'virsh' is already installed.
2025-09-13 15:54:22 - Scanning /home/cajunjon/Downloads for ISO files...
2025-09-13 15:54:22 - No new ISO files found in Downloads.
2025-09-13 15:54:22 - Starting provisioning for VM: ubuntu-24.04.3-live-server-amd64
2025-09-13 15:54:22 - ISO '/home/cajunjon/vhd_spinner/isos/ubuntu-24.04.3-live-server-amd64.iso' validated successfully.
2025-09-13 15:54:22 - Creating VHD at /home/cajunjon/vhd_spinner/vms/ubuntu-24.04.3-live-server-amd64.vhd...
2025-09-13 15:54:22 - libvirtd is installed, running, and accessible.
2025-09-13 15:54:23 - ERROR: VM creation failed
2025-09-13 15:57:13 - Installing missing dependency: libarchive-tools...
2025-09-13 15:57:15 - Dependency 'qemu-img' is already installed.
2025-09-13 15:57:15 - Dependency 'cloud-localds' is already installed.
2025-09-13 15:57:15 - Dependency 'virt-install' is already installed.
2025-09-13 15:57:15 - Dependency 'virsh' is already installed.
2025-09-13 15:57:15 - Scanning /home/cajunjon/Downloads for ISO files...
2025-09-13 15:57:15 - No new ISO files found in Downloads.
2025-09-13 15:57:15 - Starting provisioning for VM: ubuntu-24.04.3-live-server-amd64
2025-09-13 15:57:15 - ISO '/home/cajunjon/vhd_spinner/isos/ubuntu-24.04.3-live-server-amd64.iso' validated successfully.
2025-09-13 15:57:15 - Creating VHD at /home/cajunjon/vhd_spinner/vms/ubuntu-24.04.3-live-server-amd64.vhd...
2025-09-13 15:57:15 - ERROR: libvirtd is installed but not running. Try: sudo systemctl start libvirtd
2025-09-13 15:57:23 - Installing missing dependency: libarchive-tools...
2025-09-13 15:57:26 - Dependency 'qemu-img' is already installed.
2025-09-13 15:57:26 - Dependency 'cloud-localds' is already installed.
2025-09-13 15:57:26 - Dependency 'virt-install' is already installed.
2025-09-13 15:57:26 - Dependency 'virsh' is already installed.
2025-09-13 15:57:26 - Scanning /home/cajunjon/Downloads for ISO files...
2025-09-13 15:57:26 - No new ISO files found in Downloads.
2025-09-13 15:57:26 - Starting provisioning for VM: ubuntu-24.04.3-live-server-amd64
2025-09-13 15:57:26 - ISO '/home/cajunjon/vhd_spinner/isos/ubuntu-24.04.3-live-server-amd64.iso' validated successfully.
2025-09-13 15:57:26 - Creating VHD at /home/cajunjon/vhd_spinner/vms/ubuntu-24.04.3-live-server-amd64.vhd...
2025-09-13 15:57:26 - libvirtd is installed, running, and accessible.
2025-09-13 15:58:02 - ERROR: VM creation failed
2025-09-13 15:58:18 - Installing missing dependency: libarchive-tools...
2025-09-13 15:58:21 - Dependency 'qemu-img' is already installed.
2025-09-13 15:58:21 - Dependency 'cloud-localds' is already installed.
2025-09-13 15:58:21 - Dependency 'virt-install' is already installed.
2025-09-13 15:58:21 - Dependency 'virsh' is already installed.
2025-09-13 15:58:21 - Scanning /home/cajunjon/Downloads for ISO files...
2025-09-13 15:58:21 - No new ISO files found in Downloads.
2025-09-13 15:58:33 - Installing missing dependency: libarchive-tools...
2025-09-13 15:58:36 - Dependency 'qemu-img' is already installed.
2025-09-13 15:58:36 - Dependency 'cloud-localds' is already installed.
2025-09-13 15:58:36 - Dependency 'virt-install' is already installed.
2025-09-13 15:58:36 - Dependency 'virsh' is already installed.
2025-09-13 15:58:36 - Scanning /home/cajunjon/Downloads for ISO files...
2025-09-13 15:58:36 - No new ISO files found in Downloads.
2025-09-13 15:58:36 - Starting provisioning for VM: linuxmint-22.2-cinnamon-64bit
2025-09-13 15:58:36 - ISO '/home/cajunjon/vhd_spinner/isos/linuxmint-22.2-cinnamon-64bit.iso' validated successfully.
2025-09-13 15:58:36 - Creating VHD at /home/cajunjon/vhd_spinner/vms/linuxmint-22.2-cinnamon-64bit.vhd...
2025-09-13 15:58:36 - libvirtd is installed, running, and accessible.
2025-09-13 15:58:36 - ERROR: VM creation failed
2025-09-13 15:58:40 - Installing missing dependency: libarchive-tools...
2025-09-13 15:58:43 - Dependency 'qemu-img' is already installed.
2025-09-13 15:58:43 - Dependency 'cloud-localds' is already installed.
2025-09-13 15:58:43 - Dependency 'virt-install' is already installed.
2025-09-13 15:58:43 - Dependency 'virsh' is already installed.
2025-09-13 15:58:43 - Scanning /home/cajunjon/Downloads for ISO files...
2025-09-13 15:58:43 - No new ISO files found in Downloads.
2025-09-13 15:58:43 - ERROR: Profile 'linuxmint-22.2-cinnamon-64bit.iso' is not available or ISO is missing.
2025-09-13 15:59:15 - Installing missing dependency: libarchive-tools...
2025-09-13 15:59:17 - Dependency 'qemu-img' is already installed.
2025-09-13 15:59:17 - Dependency 'cloud-localds' is already installed.
2025-09-13 15:59:17 - Dependency 'virt-install' is already installed.
2025-09-13 15:59:17 - Dependency 'virsh' is already installed.
2025-09-13 15:59:17 - Scanning /home/cajunjon/Downloads for ISO files...
2025-09-13 15:59:17 - No new ISO files found in Downloads.
2025-09-13 15:59:17 - ERROR: Profile 'ubuntu-24.04.3-desktop-amd64.iso' is not available or ISO is missing.
2025-09-13 16:02:16 - Installing missing dependency: libarchive-tools...
2025-09-13 16:02:18 - Dependency 'qemu-img' is already installed.
2025-09-13 16:02:18 - Dependency 'cloud-localds' is already installed.
2025-09-13 16:02:18 - Dependency 'virt-install' is already installed.
2025-09-13 16:02:18 - Dependency 'virsh' is already installed.
2025-09-13 16:02:18 - Scanning /home/cajunjon/Downloads for ISO files...
2025-09-13 16:02:18 - No new ISO files found in Downloads.
2025-09-13 16:02:18 - ERROR: Profile 'ubuntu-24.04.3-desktop-amd64.iso' is not available or ISO is missing.
2025-09-13 16:02:27 - Installing missing dependency: libarchive-tools...
2025-09-13 16:02:29 - Dependency 'qemu-img' is already installed.
2025-09-13 16:02:29 - Dependency 'cloud-localds' is already installed.
2025-09-13 16:02:29 - Dependency 'virt-install' is already installed.
2025-09-13 16:02:29 - Dependency 'virsh' is already installed.
2025-09-13 16:02:29 - Scanning /home/cajunjon/Downloads for ISO files...
2025-09-13 16:02:29 - No new ISO files found in Downloads.
2025-09-13 16:02:29 - Starting provisioning for VM: ubuntu-24.04.3-live-server-amd64
2025-09-13 16:02:29 - ISO '/home/cajunjon/vhd_spinner/isos/ubuntu-24.04.3-live-server-amd64.iso' validated successfully.
2025-09-13 16:02:29 - Creating VHD at /home/cajunjon/vhd_spinner/vms/ubuntu-24.04.3-live-server-amd64.vhd...
2025-09-13 16:02:29 - ERROR: Failed to create VHD
2025-09-13 16:02:34 - Installing missing dependency: libarchive-tools...
2025-09-13 16:02:36 - Dependency 'qemu-img' is already installed.
2025-09-13 16:02:36 - Dependency 'cloud-localds' is already installed.
2025-09-13 16:02:36 - Dependency 'virt-install' is already installed.
2025-09-13 16:02:36 - Dependency 'virsh' is already installed.
2025-09-13 16:02:36 - Scanning /home/cajunjon/Downloads for ISO files...
2025-09-13 16:02:36 - No new ISO files found in Downloads.
2025-09-13 16:02:36 - ERROR: Profile 'ubuntu-24.04.3-live-server-amd64.iso' is not available or ISO is missing.
2025-09-13 16:03:04 - Installing missing dependency: libarchive-tools...
2025-09-13 16:03:06 - Dependency 'qemu-img' is already installed.
2025-09-13 16:03:06 - Dependency 'cloud-localds' is already installed.
2025-09-13 16:03:06 - Dependency 'virt-install' is already installed.
2025-09-13 16:03:06 - Dependency 'virsh' is already installed.
2025-09-13 16:03:06 - Scanning /home/cajunjon/Downloads for ISO files...
2025-09-13 16:03:06 - No new ISO files found in Downloads.
2025-09-13 16:03:13 - [DRY-RUN] Would install missing dependency: libarchive-tools
2025-09-13 16:03:13 - Dependency 'qemu-img' is already installed.
2025-09-13 16:03:13 - Dependency 'cloud-localds' is already installed.
2025-09-13 16:03:13 - Dependency 'virt-install' is already installed.
2025-09-13 16:03:13 - Dependency 'virsh' is already installed.
2025-09-13 16:03:13 - Scanning /home/cajunjon/Downloads for ISO files...
2025-09-13 16:03:13 - No new ISO files found in Downloads.
2025-09-13 16:03:34 - [DRY-RUN] Would install missing dependency: libarchive-tools
2025-09-13 16:03:34 - Dependency 'qemu-img' is already installed.
2025-09-13 16:03:34 - Dependency 'cloud-localds' is already installed.
2025-09-13 16:03:34 - Dependency 'virt-install' is already installed.
2025-09-13 16:03:34 - Dependency 'virsh' is already installed.
2025-09-13 16:03:34 - Scanning /home/cajunjon/Downloads for ISO files...
2025-09-13 16:03:34 - No new ISO files found in Downloads.
2025-09-13 16:03:34 - ERROR: Profile 'ubuntu-24.04.3-live-server-amd64.iso' is not available or ISO is missing.
2025-09-13 16:07:37 - Installing missing dependency: libarchive-tools...
2025-09-13 16:07:40 - Dependency 'qemu-img' is already installed.
2025-09-13 16:07:40 - Dependency 'cloud-localds' is already installed.
2025-09-13 16:07:40 - Dependency 'virt-install' is already installed.
2025-09-13 16:07:40 - Dependency 'virsh' is already installed.
2025-09-13 16:07:40 - Scanning /home/cajunjon/Downloads for ISO files...
2025-09-13 16:07:40 - No new ISO files found in Downloads.
2025-09-13 16:07:40 - ERROR: Profile 'ubuntu-24.04.3-live-server-amd64.iso' is not available or ISO is missing.
2025-09-13 16:16:36 - Installing missing dependency: libarchive-tools...
2025-09-13 16:16:39 - Dependency 'qemu-img' is already installed.
2025-09-13 16:16:39 - Dependency 'cloud-localds' is already installed.
2025-09-13 16:16:39 - Dependency 'virt-install' is already installed.
2025-09-13 16:16:39 - Dependency 'virsh' is already installed.
2025-09-13 16:16:39 - Verifying ISOs in /home/cajunjon/vhd_spinner/isos...
2025-09-13 16:16:39 - ISO 'linuxmint-22.2-cinnamon-64bit.iso' already verified with CRC32: 
2025-09-13 16:16:39 - ISO 'ubuntu-24.04.3-desktop-amd64.iso' already verified with CRC32: 
2025-09-13 16:16:39 - ISO 'ubuntu-24.04.3-live-server-amd64.iso' already verified with CRC32: 
2025-09-13 16:16:51 - Installing missing dependency: libarchive-tools...
2025-09-13 16:16:54 - Dependency 'qemu-img' is already installed.
2025-09-13 16:16:54 - Dependency 'cloud-localds' is already installed.
2025-09-13 16:16:54 - Dependency 'virt-install' is already installed.
2025-09-13 16:16:54 - Dependency 'virsh' is already installed.
2025-09-13 16:16:54 - Verifying ISOs in /home/cajunjon/vhd_spinner/isos...
2025-09-13 16:16:54 - ISO 'linuxmint-22.2-cinnamon-64bit.iso' already verified with CRC32: 
2025-09-13 16:16:54 - ISO 'ubuntu-24.04.3-desktop-amd64.iso' already verified with CRC32: 
2025-09-13 16:16:54 - ISO 'ubuntu-24.04.3-live-server-amd64.iso' already verified with CRC32: 
2025-09-13 16:16:54 - Starting provisioning for VM: ubuntu-24.04.3-desktop-amd64
2025-09-13 16:16:54 - ISO '/home/cajunjon/vhd_spinner/isos/ubuntu-24.04.3-desktop-amd64.iso' validated successfully.
2025-09-13 16:16:54 - Creating VHD at /home/cajunjon/vhd_spinner/vms/ubuntu-24.04.3-desktop-amd64.vhd...
2025-09-13 16:16:54 - ERROR: libvirtd is installed but not running. Try: sudo systemctl start libvirtd
2025-09-13 16:17:08 - Installing missing dependency: libarchive-tools...
2025-09-13 16:17:10 - Dependency 'qemu-img' is already installed.
2025-09-13 16:17:10 - Dependency 'cloud-localds' is already installed.
2025-09-13 16:17:10 - Dependency 'virt-install' is already installed.
2025-09-13 16:17:10 - Dependency 'virsh' is already installed.
2025-09-13 16:17:10 - Verifying ISOs in /home/cajunjon/vhd_spinner/isos...
2025-09-13 16:17:10 - ISO 'linuxmint-22.2-cinnamon-64bit.iso' already verified with CRC32: 
2025-09-13 16:17:10 - ISO 'ubuntu-24.04.3-desktop-amd64.iso' already verified with CRC32: 
2025-09-13 16:17:10 - ISO 'ubuntu-24.04.3-live-server-amd64.iso' already verified with CRC32: 
2025-09-13 16:17:10 - Starting provisioning for VM: ubuntu-24.04.3-desktop-amd64
2025-09-13 16:17:10 - ISO '/home/cajunjon/vhd_spinner/isos/ubuntu-24.04.3-desktop-amd64.iso' validated successfully.
2025-09-13 16:17:10 - Creating VHD at /home/cajunjon/vhd_spinner/vms/ubuntu-24.04.3-desktop-amd64.vhd...
2025-09-13 16:17:10 - libvirtd is installed, running, and accessible.
2025-09-13 16:17:11 - ERROR: VM creation failed
